<?xml version="1.0" encoding="UTF-8"?>
<testng-results ignored="0" total="1" passed="1" failed="0" skipped="0">
  <reporter-output>
  </reporter-output>
  <suite started-at="2021-01-12T20:04:37 IST" name="Default suite" finished-at="2021-01-12T20:06:27 IST" duration-ms="109835">
    <groups>
      <group name="cucumber">
        <method signature="AbstractTestNGCucumberTests.feature(cucumber.api.testng.CucumberFeatureWrapper)[pri:0, instance:Test.TestRunner@1e0b4072]" name="feature" class="cucumber.api.testng.AbstractTestNGCucumberTests"/>
      </group> <!-- cucumber -->
    </groups>
    <test started-at="2021-01-12T20:04:37 IST" name="Default test" finished-at="2021-01-12T20:06:27 IST" duration-ms="109835">
      <class name="Test.TestRunner">
        <test-method is-config="true" signature="setUpClass()[pri:0, instance:Test.TestRunner@1e0b4072]" started-at="2021-01-12T20:04:37 IST" name="setUpClass" finished-at="2021-01-12T20:04:38 IST" duration-ms="652" status="PASS">
          <reporter-output>
          </reporter-output>
        </test-method> <!-- setUpClass -->
        <test-method signature="feature(cucumber.api.testng.CucumberFeatureWrapper)[pri:0, instance:Test.TestRunner@1e0b4072]" started-at="2021-01-12T20:04:38 IST" name="feature" description="Runs Cucumber Feature" data-provider="features" finished-at="2021-01-12T20:06:26 IST" duration-ms="108504" status="PASS">
          <params>
            <param index="0">
              <value>
                <![CDATA[SignUp Universal Class Website]]>
              </value>
            </param>
          </params>
          <reporter-output>
          </reporter-output>
        </test-method> <!-- feature -->
        <test-method is-config="true" signature="tearDownClass()[pri:0, instance:Test.TestRunner@1e0b4072]" started-at="2021-01-12T20:06:26 IST" name="tearDownClass" finished-at="2021-01-12T20:06:27 IST" duration-ms="373" status="PASS">
          <reporter-output>
          </reporter-output>
        </test-method> <!-- tearDownClass -->
      </class> <!-- Test.TestRunner -->
    </test> <!-- Default test -->
  </suite> <!-- Default suite -->
</testng-results>
